Log file opened on Wed Dec 17 14:17:39 2014
Host: owl4  pid: 22148  nodeid: 0  nnodes:  1
Gromacs version:    VERSION 4.6.8-dev-20141216-3ccc9ff-unknown
GIT SHA1 hash:      3ccc9ff3325b9bdd600f05ca6ac8c4e7dbb159a1
Branched from:      unknown
Precision:          single
Memory model:       64 bit
MPI library:        none
OpenMP support:     enabled
GPU support:        disabled
invsqrt routine:    gmx_software_invsqrt(x)
CPU acceleration:   SSE2
FFT library:        fftw-3.3.2-sse2
Large file support: enabled
RDTSCP usage:       disabled
Built on:           Tue Dec 16 12:24:29 CET 2014
Built by:           root@owl4 [CMAKE]
Build OS/arch:      Linux 2.6.32-279.19.1.el6.x86_64 x86_64
Build CPU vendor:   GenuineIntel
Build CPU brand:    Intel(R) Xeon(R) CPU            5148  @ 2.33GHz
Build CPU family:   6   Model: 15   Stepping: 6
Build CPU features: apic clfsh cmov cx8 cx16 lahf_lm mmx msr pdcm pse sse2 sse3 ssse3
C compiler:         /sw/cluster/gcc-4.8.3/bin/gcc GNU gcc (GCC) 4.8.3
C compiler flags:   -msse2    -Wextra -Wno-missing-field-initializers -Wno-sign-compare -Wall -Wno-unused -Wunused-value -Wno-unused-parameter -Wno-array-bounds -Wno-maybe-uninitialized -Wno-strict-overflow   -fomit-frame-pointer -funroll-all-loops -fexcess-precision=fast  -O3 -DNDEBUG


                         :-)  G  R  O  M  A  C  S  (-:

                   ∏≠∞ëñëòöëﬂ≤æúóñëöﬂôêçﬂºóöíñúûìﬂ¨ñíäìûãñêë

              :-)  VERSION 4.6.8-dev-20141216-3ccc9ff-unknown  (-:

        Contributions from Mark Abraham, Emile Apol, Rossen Apostolov, 
           Herman J.C. Berendsen, Aldert van Buuren, P√§r Bjelkmar,  
     Rudi van Drunen, Anton Feenstra, Gerrit Groenhof, Christoph Junghans, 
        Peter Kasson, Carsten Kutzner, Per Larsson, Pieter Meulenhoff, 
           Teemu Murtola, Szilard Pall, Sander Pronk, Roland Schulz, 
                Michael Shirts, Alfons Sijbers, Peter Tieleman,

               Berk Hess, David van der Spoel, and Erik Lindahl.

       Copyright (c) 1991-2000, University of Groningen, The Netherlands.
         Copyright (c) 2001-2012,2013, The GROMACS development team at
        Uppsala University & The Royal Institute of Technology, Sweden.
            check out http://www.gromacs.org for more information.

         This program is free software; you can redistribute it and/or
       modify it under the terms of the GNU Lesser General Public License
        as published by the Free Software Foundation; either version 2.1
             of the License, or (at your option) any later version.

                                :-)  mdrun  (-:


++++ PLEASE READ AND CITE THE FOLLOWING REFERENCE ++++
B. Hess and C. Kutzner and D. van der Spoel and E. Lindahl
GROMACS 4: Algorithms for highly efficient, load-balanced, and scalable
molecular simulation
J. Chem. Theory Comput. 4 (2008) pp. 435-447
-------- -------- --- Thank You --- -------- --------


++++ PLEASE READ AND CITE THE FOLLOWING REFERENCE ++++
D. van der Spoel, E. Lindahl, B. Hess, G. Groenhof, A. E. Mark and H. J. C.
Berendsen
GROMACS: Fast, Flexible and Free
J. Comp. Chem. 26 (2005) pp. 1701-1719
-------- -------- --- Thank You --- -------- --------


++++ PLEASE READ AND CITE THE FOLLOWING REFERENCE ++++
E. Lindahl and B. Hess and D. van der Spoel
GROMACS 3.0: A package for molecular simulation and trajectory analysis
J. Mol. Mod. 7 (2001) pp. 306-317
-------- -------- --- Thank You --- -------- --------


++++ PLEASE READ AND CITE THE FOLLOWING REFERENCE ++++
H. J. C. Berendsen, D. van der Spoel and R. van Drunen
GROMACS: A message-passing parallel molecular dynamics implementation
Comp. Phys. Comm. 91 (1995) pp. 43-56
-------- -------- --- Thank You --- -------- --------


-------------------------------------------------------
Program mdrun, VERSION 4.6.8-dev-20141216-3ccc9ff-unknown
Source code file: /tmp/git-gromacs-4-6-department/src/gmxlib/gmxfio.c, line: 523

Can not open file:
topol.tpr
For more information and tips for troubleshooting, please check the GROMACS
website at http://www.gromacs.org/Documentation/Errors
-------------------------------------------------------

´óöﬂ®óööìåﬂ∞ëﬂãóöﬂΩäåﬂ∏êﬂ≠êäëõﬂûëõﬂ≠êäëõ†◊µ—ﬂ≠ñúóíûë÷

